\BOOKMARK [1][-]{section.1}{Introduction}{}% 1
\BOOKMARK [1][-]{section.2}{Physics}{}% 2
\BOOKMARK [2][-]{subsection.2.1}{Hadron-Initiated Air Showers}{section.2}% 3
\BOOKMARK [3][-]{subsubsection.2.1.1}{First Interaction}{subsection.2.1}% 4
\BOOKMARK [3][-]{subsubsection.2.1.2}{Pion Decay / Pion-Nucleus Interaction}{subsection.2.1}% 5
\BOOKMARK [3][-]{subsubsection.2.1.3}{Bhabha Scattering}{subsection.2.1}% 6
\BOOKMARK [3][-]{subsubsection.2.1.4}{Second Interactions}{subsection.2.1}% 7
\BOOKMARK [3][-]{subsubsection.2.1.5}{Ground Effects}{subsection.2.1}% 8
\BOOKMARK [2][-]{subsection.2.2}{Gamma-ray Air Showers}{section.2}% 9
\BOOKMARK [3][-]{subsubsection.2.2.1}{First Interaction}{subsection.2.2}% 10
\BOOKMARK [3][-]{subsubsection.2.2.2}{Pair Production}{subsection.2.2}% 11
\BOOKMARK [3][-]{subsubsection.2.2.3}{Bremstrahlung}{subsection.2.2}% 12
\BOOKMARK [3][-]{subsubsection.2.2.4}{Compton Scattering}{subsection.2.2}% 13
\BOOKMARK [3][-]{subsubsection.2.2.5}{Second Interactions}{subsection.2.2}% 14
\BOOKMARK [3][-]{subsubsection.2.2.6}{Ground Effects}{subsection.2.2}% 15
\BOOKMARK [2][-]{subsection.2.3}{Differences in Showers}{section.2}% 16
\BOOKMARK [3][-]{subsubsection.2.3.1}{Hillas Parameters}{subsection.2.3}% 17
\BOOKMARK [3][-]{subsubsection.2.3.2}{Single vs Multiple Telescopes}{subsection.2.3}% 18
\BOOKMARK [1][-]{section.3}{Computer Science}{}% 19
\BOOKMARK [2][-]{subsection.3.1}{Decision Trees}{section.3}% 20
\BOOKMARK [2][-]{subsection.3.2}{Neural Network}{section.3}% 21
\BOOKMARK [2][-]{subsection.3.3}{SVM}{section.3}% 22
\BOOKMARK [2][-]{subsection.3.4}{CORSIKA}{section.3}% 23
\BOOKMARK [1][-]{section.4}{Results}{}% 24
\BOOKMARK [2][-]{subsection.4.1}{Decision Tree Comparisons}{section.4}% 25
\BOOKMARK [2][-]{subsection.4.2}{Neural Network}{section.4}% 26
\BOOKMARK [3][-]{subsubsection.4.2.1}{Li\046Ma Significance}{subsection.4.2}% 27
\BOOKMARK [3][-]{subsubsection.4.2.2}{Loss Function}{subsection.4.2}% 28
\BOOKMARK [3][-]{subsubsection.4.2.3}{Output}{subsection.4.2}% 29
\BOOKMARK [2][-]{subsection.4.3}{Drawbacks}{section.4}% 30
\BOOKMARK [1][-]{section.5}{Conclusion}{}% 31
\BOOKMARK [2][-]{subsection.5.1}{Gamma-ray vs Hadron Events}{section.5}% 32
\BOOKMARK [2][-]{subsection.5.2}{First G-APD Cherenkov Telescope \(FACT\)}{section.5}% 33
\BOOKMARK [3][-]{subsubsection.5.2.1}{Imaging Air Cherenkov Telescope \(IACT\)}{subsection.5.2}% 34
\BOOKMARK [2][-]{subsection.5.3}{Neural Networks}{section.5}% 35
\BOOKMARK [3][-]{subsubsection.5.3.1}{Convolutional Neural Network}{subsection.5.3}% 36
\BOOKMARK [2][-]{subsection.5.4}{Monte Carlo Simulation}{section.5}% 37
\BOOKMARK [2][-]{subsection.5.5}{Current Approach}{section.5}% 38
\BOOKMARK [1][-]{section.6}{Proposal}{}% 39
\BOOKMARK [2][-]{subsection.6.1}{Previous Work}{section.6}% 40
\BOOKMARK [3][-]{subsubsection.6.1.1}{Non Neural Network Approaches}{subsection.6.1}% 41
\BOOKMARK [1][-]{section.7}{Method}{}% 42
\BOOKMARK [2][-]{subsection.7.1}{Proposed Improvements}{section.7}% 43
\BOOKMARK [3][-]{subsubsection.7.1.1}{Changing Training Data}{subsection.7.1}% 44
\BOOKMARK [3][-]{subsubsection.7.1.2}{Changing Mapping}{subsection.7.1}% 45
\BOOKMARK [3][-]{subsubsection.7.1.3}{Higher Dimensional Convolutions}{subsection.7.1}% 46
\BOOKMARK [1][-]{section.8}{Timeline}{}% 47
